environment: 
YAML: configs/que1_lstmcnn3_shfl.yaml
==> batch_size: 64
==> lr: 1e-05
==> pin_memory: True
==> num_workers: 2
==> base_path: datasets/CrisisMMD_v2.0/CrisisMMD_v2.0/
==> train_data_path: crisismmd_datasplit_all/task_humanitarian_text_img_train.tsv
==> test_data_path: crisismmd_datasplit_all/task_humanitarian_text_img_test.tsv
==> SEED: 42
==> gpu: 6
==> momentum: 0.9
==> freq: 3
==> opt: Adam
==> model_name: lstmcnn3
==> cnn_type: shufflenet
==> nclass: 5
==> epochs: 50
==> img_size: [512, 256]
==> augment: False
==> return_logs: False
==> saved_path: saved_models/LSTM_CNN3_shfl.pt
106
19
3724
using lstmcnn3
using adam
epochs: [1/50] train_acc: 0.493 train_loss: 1.567 test_acc: 0.493
epochs: [2/50] train_acc: 0.494 train_loss: 1.475 test_acc: 0.493
epochs: [3/50] train_acc: 0.493 train_loss: 1.383 test_acc: 0.493
epochs: [4/50] train_acc: 0.493 train_loss: 1.370 test_acc: 0.493
epochs: [5/50] train_acc: 0.493 train_loss: 1.350 test_acc: 0.493
epochs: [6/50] train_acc: 0.493 train_loss: 1.324 test_acc: 0.493
epochs: [7/50] train_acc: 0.494 train_loss: 1.257 test_acc: 0.496
epochs: [8/50] train_acc: 0.524 train_loss: 1.057 test_acc: 0.541
epochs: [9/50] train_acc: 0.590 train_loss: 0.940 test_acc: 0.618
epochs: [10/50] train_acc: 0.622 train_loss: 0.876 test_acc: 0.630
epochs: [11/50] train_acc: 0.634 train_loss: 0.828 test_acc: 0.630
epochs: [12/50] train_acc: 0.652 train_loss: 0.784 test_acc: 0.702
epochs: [13/50] train_acc: 0.722 train_loss: 0.728 test_acc: 0.760
epochs: [14/50] train_acc: 0.768 train_loss: 0.665 test_acc: 0.783
epochs: [15/50] train_acc: 0.782 train_loss: 0.609 test_acc: 0.784
epochs: [16/50] train_acc: 0.792 train_loss: 0.558 test_acc: 0.796
epochs: [17/50] train_acc: 0.808 train_loss: 0.519 test_acc: 0.809
epochs: [18/50] train_acc: 0.826 train_loss: 0.481 test_acc: 0.817
epochs: [19/50] train_acc: 0.852 train_loss: 0.441 test_acc: 0.834
epochs: [20/50] train_acc: 0.863 train_loss: 0.407 test_acc: 0.835
epochs: [21/50] train_acc: 0.876 train_loss: 0.378 test_acc: 0.841
epochs: [22/50] train_acc: 0.886 train_loss: 0.355 test_acc: 0.842
epochs: [23/50] train_acc: 0.890 train_loss: 0.333 test_acc: 0.848
epochs: [24/50] train_acc: 0.895 train_loss: 0.310 test_acc: 0.847
epochs: [25/50] train_acc: 0.900 train_loss: 0.292 test_acc: 0.850
epochs: [26/50] train_acc: 0.903 train_loss: 0.274 test_acc: 0.847
epochs: [27/50] train_acc: 0.905 train_loss: 0.260 test_acc: 0.853
epochs: [28/50] train_acc: 0.907 train_loss: 0.244 test_acc: 0.854
epochs: [29/50] train_acc: 0.909 train_loss: 0.235 test_acc: 0.854
epochs: [30/50] train_acc: 0.910 train_loss: 0.225 test_acc: 0.855
epochs: [31/50] train_acc: 0.913 train_loss: 0.214 test_acc: 0.858
epochs: [32/50] train_acc: 0.915 train_loss: 0.207 test_acc: 0.857
epochs: [33/50] train_acc: 0.917 train_loss: 0.196 test_acc: 0.859
epochs: [34/50] train_acc: 0.925 train_loss: 0.181 test_acc: 0.872
epochs: [35/50] train_acc: 0.929 train_loss: 0.174 test_acc: 0.870
epochs: [36/50] train_acc: 0.933 train_loss: 0.165 test_acc: 0.879
epochs: [37/50] train_acc: 0.939 train_loss: 0.160 test_acc: 0.878
epochs: [38/50] train_acc: 0.943 train_loss: 0.150 test_acc: 0.880
epochs: [39/50] train_acc: 0.950 train_loss: 0.140 test_acc: 0.878
epochs: [40/50] train_acc: 0.956 train_loss: 0.135 test_acc: 0.875
epochs: [41/50] train_acc: 0.961 train_loss: 0.126 test_acc: 0.875
epochs: [42/50] train_acc: 0.963 train_loss: 0.122 test_acc: 0.881
epochs: [43/50] train_acc: 0.967 train_loss: 0.113 test_acc: 0.879
epochs: [44/50] train_acc: 0.971 train_loss: 0.107 test_acc: 0.874
epochs: [45/50] train_acc: 0.973 train_loss: 0.102 test_acc: 0.871
epochs: [46/50] train_acc: 0.976 train_loss: 0.096 test_acc: 0.871
epochs: [47/50] train_acc: 0.977 train_loss: 0.091 test_acc: 0.880
epochs: [48/50] train_acc: 0.980 train_loss: 0.086 test_acc: 0.873
epochs: [49/50] train_acc: 0.981 train_loss: 0.080 test_acc: 0.873
epochs: [50/50] train_acc: 0.983 train_loss: 0.074 test_acc: 0.874
