environment: 
YAML: configs/que1_lstmcnn1.yaml
==> batch_size: 64
==> lr: 1e-05
==> pin_memory: True
==> num_workers: 2
==> base_path: datasets/CrisisMMD_v2.0/CrisisMMD_v2.0/
==> train_data_path: crisismmd_datasplit_all/task_humanitarian_text_img_train.tsv
==> test_data_path: crisismmd_datasplit_all/task_humanitarian_text_img_test.tsv
==> SEED: 42
==> gpu: 6
==> momentum: 0.9
==> freq: 3
==> model_name: lstmcnn1
==> cnn_type: resnet
==> nclass: 5
==> epochs: 100
==> img_size: [512, 256]
==> augment: False
==> return_logs: False
==> saved_path: saved_models/LSTM_CNN1.pt
106
19
3724
epochs: [1/100] train_acc: 0.312 train_loss: 1.590 test_acc: 0.296
epochs: [2/100] train_acc: 0.317 train_loss: 1.589 test_acc: 0.305
epochs: [3/100] train_acc: 0.332 train_loss: 1.587 test_acc: 0.316
epochs: [4/100] train_acc: 0.341 train_loss: 1.586 test_acc: 0.322
epochs: [5/100] train_acc: 0.352 train_loss: 1.584 test_acc: 0.339
epochs: [6/100] train_acc: 0.365 train_loss: 1.583 test_acc: 0.340
epochs: [7/100] train_acc: 0.376 train_loss: 1.581 test_acc: 0.360
epochs: [8/100] train_acc: 0.379 train_loss: 1.580 test_acc: 0.370
epochs: [9/100] train_acc: 0.390 train_loss: 1.579 test_acc: 0.384
epochs: [10/100] train_acc: 0.400 train_loss: 1.577 test_acc: 0.390
epochs: [11/100] train_acc: 0.407 train_loss: 1.576 test_acc: 0.401
epochs: [12/100] train_acc: 0.419 train_loss: 1.574 test_acc: 0.408
epochs: [13/100] train_acc: 0.425 train_loss: 1.573 test_acc: 0.420
epochs: [14/100] train_acc: 0.431 train_loss: 1.571 test_acc: 0.423
epochs: [15/100] train_acc: 0.433 train_loss: 1.570 test_acc: 0.432
epochs: [16/100] train_acc: 0.441 train_loss: 1.569 test_acc: 0.436
epochs: [17/100] train_acc: 0.448 train_loss: 1.567 test_acc: 0.452
epochs: [18/100] train_acc: 0.451 train_loss: 1.566 test_acc: 0.453
epochs: [19/100] train_acc: 0.456 train_loss: 1.565 test_acc: 0.458
epochs: [20/100] train_acc: 0.461 train_loss: 1.563 test_acc: 0.462
epochs: [21/100] train_acc: 0.465 train_loss: 1.562 test_acc: 0.468
epochs: [22/100] train_acc: 0.465 train_loss: 1.560 test_acc: 0.469
epochs: [23/100] train_acc: 0.472 train_loss: 1.559 test_acc: 0.469
epochs: [24/100] train_acc: 0.471 train_loss: 1.558 test_acc: 0.468
epochs: [25/100] train_acc: 0.476 train_loss: 1.556 test_acc: 0.472
epochs: [26/100] train_acc: 0.478 train_loss: 1.555 test_acc: 0.472
epochs: [27/100] train_acc: 0.481 train_loss: 1.554 test_acc: 0.472
epochs: [28/100] train_acc: 0.479 train_loss: 1.552 test_acc: 0.475
epochs: [29/100] train_acc: 0.482 train_loss: 1.551 test_acc: 0.474
epochs: [30/100] train_acc: 0.483 train_loss: 1.550 test_acc: 0.484
epochs: [31/100] train_acc: 0.483 train_loss: 1.548 test_acc: 0.486
epochs: [32/100] train_acc: 0.485 train_loss: 1.547 test_acc: 0.484
epochs: [33/100] train_acc: 0.485 train_loss: 1.546 test_acc: 0.484
epochs: [34/100] train_acc: 0.487 train_loss: 1.544 test_acc: 0.484
epochs: [35/100] train_acc: 0.489 train_loss: 1.543 test_acc: 0.486
epochs: [36/100] train_acc: 0.489 train_loss: 1.542 test_acc: 0.488
epochs: [37/100] train_acc: 0.490 train_loss: 1.540 test_acc: 0.489
epochs: [38/100] train_acc: 0.490 train_loss: 1.539 test_acc: 0.489
epochs: [39/100] train_acc: 0.490 train_loss: 1.537 test_acc: 0.491
epochs: [40/100] train_acc: 0.490 train_loss: 1.536 test_acc: 0.491
epochs: [41/100] train_acc: 0.491 train_loss: 1.535 test_acc: 0.491
epochs: [42/100] train_acc: 0.490 train_loss: 1.534 test_acc: 0.491
epochs: [43/100] train_acc: 0.491 train_loss: 1.532 test_acc: 0.491
epochs: [44/100] train_acc: 0.491 train_loss: 1.531 test_acc: 0.491
epochs: [45/100] train_acc: 0.491 train_loss: 1.530 test_acc: 0.491
epochs: [46/100] train_acc: 0.492 train_loss: 1.529 test_acc: 0.491
epochs: [47/100] train_acc: 0.492 train_loss: 1.527 test_acc: 0.491
epochs: [48/100] train_acc: 0.492 train_loss: 1.526 test_acc: 0.491
epochs: [49/100] train_acc: 0.492 train_loss: 1.525 test_acc: 0.491
epochs: [50/100] train_acc: 0.492 train_loss: 1.524 test_acc: 0.493
epochs: [51/100] train_acc: 0.492 train_loss: 1.522 test_acc: 0.494
epochs: [52/100] train_acc: 0.493 train_loss: 1.521 test_acc: 0.493
epochs: [53/100] train_acc: 0.493 train_loss: 1.520 test_acc: 0.494
epochs: [54/100] train_acc: 0.493 train_loss: 1.519 test_acc: 0.494
epochs: [55/100] train_acc: 0.493 train_loss: 1.517 test_acc: 0.494
epochs: [56/100] train_acc: 0.493 train_loss: 1.516 test_acc: 0.493
epochs: [57/100] train_acc: 0.493 train_loss: 1.515 test_acc: 0.493
epochs: [58/100] train_acc: 0.493 train_loss: 1.514 test_acc: 0.493
epochs: [59/100] train_acc: 0.493 train_loss: 1.513 test_acc: 0.493
epochs: [60/100] train_acc: 0.493 train_loss: 1.511 test_acc: 0.493
epochs: [61/100] train_acc: 0.493 train_loss: 1.510 test_acc: 0.493
epochs: [62/100] train_acc: 0.493 train_loss: 1.509 test_acc: 0.493
epochs: [63/100] train_acc: 0.493 train_loss: 1.508 test_acc: 0.493
epochs: [64/100] train_acc: 0.493 train_loss: 1.506 test_acc: 0.493
epochs: [65/100] train_acc: 0.493 train_loss: 1.505 test_acc: 0.493
epochs: [66/100] train_acc: 0.493 train_loss: 1.504 test_acc: 0.493
epochs: [67/100] train_acc: 0.493 train_loss: 1.503 test_acc: 0.493
epochs: [68/100] train_acc: 0.493 train_loss: 1.501 test_acc: 0.493
epochs: [69/100] train_acc: 0.493 train_loss: 1.501 test_acc: 0.493
epochs: [70/100] train_acc: 0.493 train_loss: 1.499 test_acc: 0.493
epochs: [71/100] train_acc: 0.493 train_loss: 1.499 test_acc: 0.493
epochs: [72/100] train_acc: 0.493 train_loss: 1.497 test_acc: 0.493
epochs: [73/100] train_acc: 0.493 train_loss: 1.496 test_acc: 0.493
epochs: [74/100] train_acc: 0.493 train_loss: 1.495 test_acc: 0.493
epochs: [75/100] train_acc: 0.493 train_loss: 1.494 test_acc: 0.493
epochs: [76/100] train_acc: 0.493 train_loss: 1.492 test_acc: 0.493
epochs: [77/100] train_acc: 0.493 train_loss: 1.491 test_acc: 0.493
epochs: [78/100] train_acc: 0.493 train_loss: 1.490 test_acc: 0.493
epochs: [79/100] train_acc: 0.494 train_loss: 1.489 test_acc: 0.493
epochs: [80/100] train_acc: 0.493 train_loss: 1.488 test_acc: 0.493
epochs: [81/100] train_acc: 0.493 train_loss: 1.487 test_acc: 0.493
epochs: [82/100] train_acc: 0.493 train_loss: 1.486 test_acc: 0.493
epochs: [83/100] train_acc: 0.494 train_loss: 1.485 test_acc: 0.493
epochs: [84/100] train_acc: 0.493 train_loss: 1.484 test_acc: 0.493
epochs: [85/100] train_acc: 0.493 train_loss: 1.482 test_acc: 0.493
epochs: [86/100] train_acc: 0.493 train_loss: 1.482 test_acc: 0.493
epochs: [87/100] train_acc: 0.493 train_loss: 1.480 test_acc: 0.493
epochs: [88/100] train_acc: 0.493 train_loss: 1.479 test_acc: 0.493
epochs: [89/100] train_acc: 0.493 train_loss: 1.478 test_acc: 0.493
epochs: [90/100] train_acc: 0.493 train_loss: 1.477 test_acc: 0.493
epochs: [91/100] train_acc: 0.493 train_loss: 1.476 test_acc: 0.493
epochs: [92/100] train_acc: 0.493 train_loss: 1.475 test_acc: 0.493
epochs: [93/100] train_acc: 0.493 train_loss: 1.474 test_acc: 0.493
epochs: [94/100] train_acc: 0.493 train_loss: 1.473 test_acc: 0.493
epochs: [95/100] train_acc: 0.493 train_loss: 1.472 test_acc: 0.493
epochs: [96/100] train_acc: 0.493 train_loss: 1.471 test_acc: 0.493
epochs: [97/100] train_acc: 0.493 train_loss: 1.470 test_acc: 0.493
epochs: [98/100] train_acc: 0.493 train_loss: 1.469 test_acc: 0.493
epochs: [99/100] train_acc: 0.493 train_loss: 1.469 test_acc: 0.493
epochs: [100/100] train_acc: 0.493 train_loss: 1.467 test_acc: 0.493
