environment: 
YAML: configs/que1_lstmcnn1.yaml
==> batch_size: 64
==> lr: 1e-05
==> pin_memory: True
==> num_workers: 2
==> base_path: datasets/CrisisMMD_v2.0/CrisisMMD_v2.0/
==> train_data_path: crisismmd_datasplit_all/task_humanitarian_text_img_train.tsv
==> test_data_path: crisismmd_datasplit_all/task_humanitarian_text_img_test.tsv
==> SEED: 42
==> gpu: 7
==> opt: Adam
==> momentum: 0.9
==> freq: 3
==> model_name: lstmcnn1
==> cnn_type: resnet
==> nclass: 5
==> epochs: 50
==> img_size: [512, 256]
==> augment: False
==> return_logs: False
==> saved_path: saved_models/LSTM_CNN1.pt
106
19
3724
using lstmcnn1
using adam
epochs: [1/50] train_acc: 0.488 train_loss: 1.436 test_acc: 0.522
epochs: [2/50] train_acc: 0.553 train_loss: 1.223 test_acc: 0.578
epochs: [3/50] train_acc: 0.596 train_loss: 1.113 test_acc: 0.601
epochs: [4/50] train_acc: 0.617 train_loss: 1.038 test_acc: 0.612
epochs: [5/50] train_acc: 0.632 train_loss: 0.977 test_acc: 0.615
epochs: [6/50] train_acc: 0.647 train_loss: 0.916 test_acc: 0.630
epochs: [7/50] train_acc: 0.663 train_loss: 0.859 test_acc: 0.633
epochs: [8/50] train_acc: 0.693 train_loss: 0.799 test_acc: 0.629
epochs: [9/50] train_acc: 0.717 train_loss: 0.738 test_acc: 0.635
epochs: [10/50] train_acc: 0.744 train_loss: 0.675 test_acc: 0.634
epochs: [11/50] train_acc: 0.778 train_loss: 0.615 test_acc: 0.637
epochs: [12/50] train_acc: 0.803 train_loss: 0.556 test_acc: 0.650
epochs: [13/50] train_acc: 0.836 train_loss: 0.502 test_acc: 0.641
epochs: [14/50] train_acc: 0.856 train_loss: 0.455 test_acc: 0.637
epochs: [15/50] train_acc: 0.880 train_loss: 0.405 test_acc: 0.644
epochs: [16/50] train_acc: 0.894 train_loss: 0.367 test_acc: 0.647
epochs: [17/50] train_acc: 0.911 train_loss: 0.323 test_acc: 0.648
epochs: [18/50] train_acc: 0.926 train_loss: 0.284 test_acc: 0.652
epochs: [19/50] train_acc: 0.937 train_loss: 0.247 test_acc: 0.657
epochs: [20/50] train_acc: 0.949 train_loss: 0.213 test_acc: 0.649
epochs: [21/50] train_acc: 0.964 train_loss: 0.177 test_acc: 0.656
epochs: [22/50] train_acc: 0.970 train_loss: 0.154 test_acc: 0.650
epochs: [23/50] train_acc: 0.982 train_loss: 0.121 test_acc: 0.645
epochs: [24/50] train_acc: 0.987 train_loss: 0.099 test_acc: 0.649
epochs: [25/50] train_acc: 0.992 train_loss: 0.078 test_acc: 0.641
epochs: [26/50] train_acc: 0.992 train_loss: 0.067 test_acc: 0.651
epochs: [27/50] train_acc: 0.995 train_loss: 0.055 test_acc: 0.641
epochs: [28/50] train_acc: 0.995 train_loss: 0.048 test_acc: 0.659
epochs: [29/50] train_acc: 0.995 train_loss: 0.039 test_acc: 0.646
epochs: [30/50] train_acc: 0.996 train_loss: 0.032 test_acc: 0.646
epochs: [31/50] train_acc: 0.995 train_loss: 0.031 test_acc: 0.647
epochs: [32/50] train_acc: 0.994 train_loss: 0.026 test_acc: 0.647
epochs: [33/50] train_acc: 0.995 train_loss: 0.027 test_acc: 0.642
epochs: [34/50] train_acc: 0.996 train_loss: 0.024 test_acc: 0.640
epochs: [35/50] train_acc: 0.994 train_loss: 0.024 test_acc: 0.644
epochs: [36/50] train_acc: 0.996 train_loss: 0.022 test_acc: 0.646
epochs: [37/50] train_acc: 0.995 train_loss: 0.023 test_acc: 0.652
epochs: [38/50] train_acc: 0.996 train_loss: 0.022 test_acc: 0.651
epochs: [39/50] train_acc: 0.996 train_loss: 0.020 test_acc: 0.654
epochs: [40/50] train_acc: 0.995 train_loss: 0.024 test_acc: 0.654
epochs: [41/50] train_acc: 0.995 train_loss: 0.023 test_acc: 0.658
epochs: [42/50] train_acc: 0.996 train_loss: 0.022 test_acc: 0.649
epochs: [43/50] train_acc: 0.996 train_loss: 0.022 test_acc: 0.658
epochs: [44/50] train_acc: 0.996 train_loss: 0.019 test_acc: 0.670
epochs: [45/50] train_acc: 0.996 train_loss: 0.020 test_acc: 0.692
epochs: [46/50] train_acc: 0.996 train_loss: 0.016 test_acc: 0.688
epochs: [47/50] train_acc: 0.997 train_loss: 0.016 test_acc: 0.687
epochs: [48/50] train_acc: 0.996 train_loss: 0.017 test_acc: 0.702
epochs: [49/50] train_acc: 0.996 train_loss: 0.020 test_acc: 0.703
epochs: [50/50] train_acc: 0.997 train_loss: 0.012 test_acc: 0.698
